Using pre-set license
Built from '2020.3/release' branch; Version is '2020.3.7f1 (dd97f2c94397) revision 14522354'; Using compiler version '192528614'; Build Type 'Release'
OS: 'Windows 10 Pro; OS build 19042.985; Version 2009; 64bit' Language: 'ko' Physical Memory: 32700 MB
BatchMode: 1, IsHumanControllingUs: 0, StartBugReporterOnCrash: 0, Is64bit: 1, IsPro: 0

 COMMAND LINE ARGUMENTS:
C:\Program Files\2020.3.7f1\Editor\Unity.exe
-adb2
-batchMode
-noUpm
-name
AssetImportWorker0
-projectPath
C:/Users/mjyou/Desktop/LectureFile/OSS/TeamProject/Team_Virus
-logFile
Logs/AssetImportWorker0.log
-srvPort
3119
Successfully changed project path to: C:/Users/mjyou/Desktop/LectureFile/OSS/TeamProject/Team_Virus
C:/Users/mjyou/Desktop/LectureFile/OSS/TeamProject/Team_Virus
Using Asset Import Pipeline V2.
Refreshing native plugins compatible for Editor in 34.16 ms, found 1 plugins.
Preloading 0 native plugins for Editor in 0.00 ms.
Initialize engine version: 2020.3.7f1 (dd97f2c94397)
[Subsystems] Discovering subsystems at path C:/Program Files/2020.3.7f1/Editor/Data/Resources/UnitySubsystems
[Subsystems] Discovering subsystems at path C:/Users/mjyou/Desktop/LectureFile/OSS/TeamProject/Team_Virus/Assets
GfxDevice: creating device client; threaded=0
Direct3D:
    Version:  Direct3D 11.0 [level 11.1]
    Renderer: NVIDIA GeForce RTX 3070 (ID=0x2484)
    Vendor:   
    VRAM:     8043 MB
    Driver:   27.21.14.6589
Initialize mono
Mono path[0] = 'C:/Program Files/2020.3.7f1/Editor/Data/Managed'
Mono path[1] = 'C:/Program Files/2020.3.7f1/Editor/Data/MonoBleedingEdge/lib/mono/unityjit'
Mono config path = 'C:/Program Files/2020.3.7f1/Editor/Data/MonoBleedingEdge/etc'
Using monoOptions --debugger-agent=transport=dt_socket,embedding=1,server=y,suspend=n,address=127.0.0.1:56252
Begin MonoManager ReloadAssembly
Registering precompiled unity dll's ...
Register platform support module: C:/Program Files/2020.3.7f1/Editor/Data/PlaybackEngines/WindowsStandaloneSupport/UnityEditor.WindowsStandalone.Extensions.dll
Registered in 0.003277 seconds.
Native extension for WindowsStandalone target not found
Refreshing native plugins compatible for Editor in 35.67 ms, found 1 plugins.
Preloading 0 native plugins for Editor in 0.00 ms.
Mono: successfully reloaded assembly
- Completed reload, in  2.277 seconds
Platform modules already initialized, skipping
Registering precompiled user dll's ...
Registered in 0.001792 seconds.
Begin MonoManager ReloadAssembly
Native extension for WindowsStandalone target not found
Refreshing native plugins compatible for Editor in 34.97 ms, found 1 plugins.
Preloading 0 native plugins for Editor in 0.00 ms.
Mono: successfully reloaded assembly
- Completed reload, in  0.958 seconds
Platform modules already initialized, skipping
========================================================================
Worker process is ready to serve import requests
Launched and connected shader compiler UnityShaderCompiler.exe after 0.06 seconds
Refreshing native plugins compatible for Editor in 0.32 ms, found 1 plugins.
Preloading 0 native plugins for Editor in 0.00 ms.
Unloading 1869 Unused Serialized files (Serialized files now loaded: 0)
System memory in use before: 91.8 MB.
System memory in use after: 91.7 MB.

Unloading 24 unused Assets to reduce memory usage. Loaded Objects now: 2311.
Total: 1.876200 ms (FindLiveObjects: 0.173400 ms CreateObjectMapping: 0.073000 ms MarkObjects: 1.512500 ms  DeleteObjects: 0.116300 ms)

========================================================================
Received Import Request.
  path: Assets/Scenes/CoronaStatistics.unity
  artifactKey: Guid(a9cbea61a26b7614d997275a69b488cf) Importer(815301076,1909f56bfc062723c751e8b465ee728b)
Start importing Assets/Scenes/CoronaStatistics.unity using Guid(a9cbea61a26b7614d997275a69b488cf) Importer(815301076,1909f56bfc062723c751e8b465ee728b)  -> (artifact id: 'c819e70bf560c55ffb903a7a7f5e19ae') in 0.011783 seconds
  Import took 0.014489 seconds .

========================================================================
Received Import Request.
  Time since last request: 0.000386 seconds.
  path: Assets/Scenes/CoronaCenterMap.unity
  artifactKey: Guid(094c885c6d2297740a42a8e4e1877301) Importer(815301076,1909f56bfc062723c751e8b465ee728b)
Start importing Assets/Scenes/CoronaCenterMap.unity using Guid(094c885c6d2297740a42a8e4e1877301) Importer(815301076,1909f56bfc062723c751e8b465ee728b)  -> (artifact id: 'd81f4ea56611ffb0e8af5688ba42686d') in 0.004291 seconds
  Import took 0.007360 seconds .

========================================================================
Received Import Request.
  Time since last request: 0.000212 seconds.
  path: Assets/Scenes/CoronaCityState.unity
  artifactKey: Guid(e9b48079484ab4f47b904cf56567b233) Importer(815301076,1909f56bfc062723c751e8b465ee728b)
Start importing Assets/Scenes/CoronaCityState.unity using Guid(e9b48079484ab4f47b904cf56567b233) Importer(815301076,1909f56bfc062723c751e8b465ee728b)  -> (artifact id: '60042bce1a6280669d4746ebb54e1b65') in 0.004434 seconds
  Import took 0.007758 seconds .

========================================================================
Received Import Request.
  Time since last request: 0.000266 seconds.
  path: Assets/Scenes/MainScene.unity
  artifactKey: Guid(7aa11a122da19c648be32ec641b0bdfd) Importer(815301076,1909f56bfc062723c751e8b465ee728b)
Start importing Assets/Scenes/MainScene.unity using Guid(7aa11a122da19c648be32ec641b0bdfd) Importer(815301076,1909f56bfc062723c751e8b465ee728b)  -> (artifact id: '58ac4859de551112006769c280bcb736') in 0.004140 seconds
  Import took 0.007078 seconds .

========================================================================
Received Import Request.
  Time since last request: 101.440413 seconds.
  path: Assets/Scenes/CoronaCityState 1.unity
  artifactKey: Guid(02936981fe3e8184da53f753a6572129) Importer(815301076,1909f56bfc062723c751e8b465ee728b)
Start importing Assets/Scenes/CoronaCityState 1.unity using Guid(02936981fe3e8184da53f753a6572129) Importer(815301076,1909f56bfc062723c751e8b465ee728b)  -> (artifact id: '693f946f83191bbf0ef117f42c3d9f47') in 0.008467 seconds
  Import took 0.014222 seconds .

========================================================================
Received Import Request.
  Time since last request: 44.466402 seconds.
  path: Assets/Scenes/CoronaCityState.unity
  artifactKey: Guid(02936981fe3e8184da53f753a6572129) Importer(815301076,1909f56bfc062723c751e8b465ee728b)
Start importing Assets/Scenes/CoronaCityState.unity using Guid(02936981fe3e8184da53f753a6572129) Importer(815301076,1909f56bfc062723c751e8b465ee728b)  -> (artifact id: '55eb73caa4c0e0806029224630d7359a') in 0.003438 seconds
  Import took 0.006669 seconds .

AssetImportWorkerClient::OnTransportError - code=2 error=End of file
