Using pre-set license
Built from '2020.3/release' branch; Version is '2020.3.7f1 (dd97f2c94397) revision 14522354'; Using compiler version '192528614'; Build Type 'Release'
OS: 'Windows 10 Pro; OS build 19042.985; Version 2009; 64bit' Language: 'ko' Physical Memory: 32700 MB
BatchMode: 1, IsHumanControllingUs: 0, StartBugReporterOnCrash: 0, Is64bit: 1, IsPro: 0

 COMMAND LINE ARGUMENTS:
C:\Program Files\2020.3.7f1\Editor\Unity.exe
-adb2
-batchMode
-noUpm
-name
AssetImportWorker0
-projectPath
C:/Users/mjyou/Desktop/LectureFile/OSS/TeamProject/Team_Virus
-logFile
Logs/AssetImportWorker0.log
-srvPort
13242
Successfully changed project path to: C:/Users/mjyou/Desktop/LectureFile/OSS/TeamProject/Team_Virus
C:/Users/mjyou/Desktop/LectureFile/OSS/TeamProject/Team_Virus
Using Asset Import Pipeline V2.
Refreshing native plugins compatible for Editor in 36.18 ms, found 1 plugins.
Preloading 0 native plugins for Editor in 0.00 ms.
Initialize engine version: 2020.3.7f1 (dd97f2c94397)
[Subsystems] Discovering subsystems at path C:/Program Files/2020.3.7f1/Editor/Data/Resources/UnitySubsystems
[Subsystems] Discovering subsystems at path C:/Users/mjyou/Desktop/LectureFile/OSS/TeamProject/Team_Virus/Assets
GfxDevice: creating device client; threaded=0
Direct3D:
    Version:  Direct3D 11.0 [level 11.1]
    Renderer: NVIDIA GeForce RTX 3070 (ID=0x2484)
    Vendor:   
    VRAM:     8043 MB
    Driver:   27.21.14.6589
Initialize mono
Mono path[0] = 'C:/Program Files/2020.3.7f1/Editor/Data/Managed'
Mono path[1] = 'C:/Program Files/2020.3.7f1/Editor/Data/MonoBleedingEdge/lib/mono/unityjit'
Mono config path = 'C:/Program Files/2020.3.7f1/Editor/Data/MonoBleedingEdge/etc'
Using monoOptions --debugger-agent=transport=dt_socket,embedding=1,server=y,suspend=n,address=127.0.0.1:56992
Begin MonoManager ReloadAssembly
Registering precompiled unity dll's ...
Register platform support module: C:/Program Files/2020.3.7f1/Editor/Data/PlaybackEngines/WindowsStandaloneSupport/UnityEditor.WindowsStandalone.Extensions.dll
Registered in 0.004000 seconds.
Native extension for WindowsStandalone target not found
Refreshing native plugins compatible for Editor in 33.84 ms, found 1 plugins.
Preloading 0 native plugins for Editor in 0.00 ms.
Mono: successfully reloaded assembly
- Completed reload, in  2.440 seconds
Platform modules already initialized, skipping
Registering precompiled user dll's ...
Registered in 0.001657 seconds.
Begin MonoManager ReloadAssembly
Native extension for WindowsStandalone target not found
Refreshing native plugins compatible for Editor in 33.67 ms, found 1 plugins.
Preloading 0 native plugins for Editor in 0.00 ms.
Mono: successfully reloaded assembly
- Completed reload, in  0.987 seconds
Platform modules already initialized, skipping
========================================================================
Worker process is ready to serve import requests
Launched and connected shader compiler UnityShaderCompiler.exe after 0.07 seconds
Refreshing native plugins compatible for Editor in 0.31 ms, found 1 plugins.
Preloading 0 native plugins for Editor in 0.00 ms.
Unloading 1812 Unused Serialized files (Serialized files now loaded: 0)
System memory in use before: 90.2 MB.
System memory in use after: 90.2 MB.

Unloading 24 unused Assets to reduce memory usage. Loaded Objects now: 2254.
Total: 1.756400 ms (FindLiveObjects: 0.157700 ms CreateObjectMapping: 0.068300 ms MarkObjects: 1.427200 ms  DeleteObjects: 0.102000 ms)

========================================================================
Received Import Request.
  path: Assets/Scenes/MaineScene.unity
  artifactKey: Guid(7aa11a122da19c648be32ec641b0bdfd) Importer(815301076,1909f56bfc062723c751e8b465ee728b)
Start importing Assets/Scenes/MaineScene.unity using Guid(7aa11a122da19c648be32ec641b0bdfd) Importer(815301076,1909f56bfc062723c751e8b465ee728b)  -> (artifact id: '3f019c1cd8f0216653f6496e96df5efd') in 0.012892 seconds
  Import took 0.015895 seconds .

========================================================================
Received Import Request.
  Time since last request: 611.267710 seconds.
  path: Packages/com.unity.ext.nunit
  artifactKey: Guid(25a477c2f24db8778a4179421a32cc21) Importer(815301076,1909f56bfc062723c751e8b465ee728b)
Start importing Packages/com.unity.ext.nunit using Guid(25a477c2f24db8778a4179421a32cc21) Importer(815301076,1909f56bfc062723c751e8b465ee728b)  -> (artifact id: 'e9064d90d2bef802b4ef7c6d6e66ab90') in 0.003886 seconds
  Import took 0.007524 seconds .

========================================================================
Received Import Request.
  Time since last request: 0.507807 seconds.
  path: Packages/com.unity.2d.spriteshape
  artifactKey: Guid(9f9e809966b8f16f626c5fa29105d97a) Importer(815301076,1909f56bfc062723c751e8b465ee728b)
Start importing Packages/com.unity.2d.spriteshape using Guid(9f9e809966b8f16f626c5fa29105d97a) Importer(815301076,1909f56bfc062723c751e8b465ee728b)  -> (artifact id: '410ee30b6680153e546aab1b42e92fa8') in 0.004641 seconds
  Import took 0.007525 seconds .

========================================================================
Received Import Request.
  Time since last request: 2.164662 seconds.
  path: Packages/com.unity.ugui
  artifactKey: Guid(8f7652e09069a1943278893d4264401e) Importer(815301076,1909f56bfc062723c751e8b465ee728b)
Start importing Packages/com.unity.ugui using Guid(8f7652e09069a1943278893d4264401e) Importer(815301076,1909f56bfc062723c751e8b465ee728b)  -> (artifact id: '10ef699aeea75aa199a62670bd8a3fdf') in 0.003574 seconds
  Import took 0.006074 seconds .

========================================================================
Received Import Request.
  Time since last request: 0.768111 seconds.
  path: Packages/com.unity.ide.vscode
  artifactKey: Guid(1c61a04a5b7737c4d16673d64be4194e) Importer(815301076,1909f56bfc062723c751e8b465ee728b)
Start importing Packages/com.unity.ide.vscode using Guid(1c61a04a5b7737c4d16673d64be4194e) Importer(815301076,1909f56bfc062723c751e8b465ee728b)  -> (artifact id: '3f59e8d9e6845f1c1f5a622b56c7ae3d') in 0.003941 seconds
  Import took 0.007142 seconds .

========================================================================
Received Import Request.
  Time since last request: 0.692292 seconds.
  path: Packages/com.unity.ide.visualstudio
  artifactKey: Guid(9db636ca49aa246019dd93b7c8b689f4) Importer(815301076,1909f56bfc062723c751e8b465ee728b)
Start importing Packages/com.unity.ide.visualstudio using Guid(9db636ca49aa246019dd93b7c8b689f4) Importer(815301076,1909f56bfc062723c751e8b465ee728b)  -> (artifact id: '353fe993781cfd693a5f8a31ac35ab1b') in 0.013400 seconds
  Import took 0.020026 seconds .

========================================================================
Received Import Request.
  Time since last request: 0.556163 seconds.
  path: Packages/com.unity.collab-proxy
  artifactKey: Guid(1adad61bfb44214ee3e887b5febc4396) Importer(815301076,1909f56bfc062723c751e8b465ee728b)
Start importing Packages/com.unity.collab-proxy using Guid(1adad61bfb44214ee3e887b5febc4396) Importer(815301076,1909f56bfc062723c751e8b465ee728b)  -> (artifact id: 'afe48f4fe87c9f984fd07667f90065bb') in 0.004813 seconds
  Import took 0.007879 seconds .

========================================================================
Received Import Request.
  Time since last request: 0.714976 seconds.
  path: Packages/com.unity.textmeshpro
  artifactKey: Guid(cabaa672b0e3ee91fa7b6da4daab7970) Importer(815301076,1909f56bfc062723c751e8b465ee728b)
Start importing Packages/com.unity.textmeshpro using Guid(cabaa672b0e3ee91fa7b6da4daab7970) Importer(815301076,1909f56bfc062723c751e8b465ee728b)  -> (artifact id: '03ac3edfb4be6f9e0d87c5c1aac23a96') in 0.003512 seconds
  Import took 0.006897 seconds .

========================================================================
Received Import Request.
  Time since last request: 0.000806 seconds.
  path: Packages/com.unity.textmeshpro
  artifactKey: Guid(cabaa672b0e3ee91fa7b6da4daab7970) Importer(815301076,1909f56bfc062723c751e8b465ee728b)
Start importing Packages/com.unity.textmeshpro using Guid(cabaa672b0e3ee91fa7b6da4daab7970) Importer(815301076,1909f56bfc062723c751e8b465ee728b)  -> (artifact id: '03ac3edfb4be6f9e0d87c5c1aac23a96') in 0.003251 seconds
  Import took 0.006644 seconds .

========================================================================
Received Import Request.
  Time since last request: 1.871542 seconds.
  path: Packages/com.unity.mathematics
  artifactKey: Guid(795e97ad99e2f6ffd2060ae1983b6f25) Importer(815301076,1909f56bfc062723c751e8b465ee728b)
Start importing Packages/com.unity.mathematics using Guid(795e97ad99e2f6ffd2060ae1983b6f25) Importer(815301076,1909f56bfc062723c751e8b465ee728b)  -> (artifact id: '6b8e3120a59c8211672f148f11651183') in 0.003746 seconds
  Import took 0.006417 seconds .

========================================================================
Received Import Request.
  Time since last request: 0.001312 seconds.
  path: Packages/com.unity.mathematics
  artifactKey: Guid(795e97ad99e2f6ffd2060ae1983b6f25) Importer(815301076,1909f56bfc062723c751e8b465ee728b)
Start importing Packages/com.unity.mathematics using Guid(795e97ad99e2f6ffd2060ae1983b6f25) Importer(815301076,1909f56bfc062723c751e8b465ee728b)  -> (artifact id: '6b8e3120a59c8211672f148f11651183') in 0.003384 seconds
  Import took 0.006142 seconds .

========================================================================
Received Import Request.
  Time since last request: 0.433511 seconds.
  path: Packages/com.unity.ide.rider
  artifactKey: Guid(ea5aa18a49e4f29d74984ea0ea11a238) Importer(815301076,1909f56bfc062723c751e8b465ee728b)
Start importing Packages/com.unity.ide.rider using Guid(ea5aa18a49e4f29d74984ea0ea11a238) Importer(815301076,1909f56bfc062723c751e8b465ee728b)  -> (artifact id: 'ef0b2a707210e76aa7880dce4296b228') in 0.005055 seconds
  Import took 0.009346 seconds .

AssetImportWorkerClient::OnTransportError - code=2 error=End of file
